13:06:59,800 root INFO Calculating the computing time of JAX-CanVeg at US-Bi1 on cpu...
13:07:00,459 jax._src.xla_bridge INFO Unable to initialize backend 'rocm': NOT_FOUND: Could not find registered platform with name: "rocm". Available platform names are: CUDA
13:07:00,476 jax._src.xla_bridge INFO Unable to initialize backend 'tpu': INTERNAL: Failed to open libtpu.so: libtpu.so: cannot open shared object file: No such file or directory
13:07:02,194 root INFO Loading training forcings and fluxes...
13:07:02,472 root INFO Loading test forcings and fluxes if any...
13:15:48,22 root INFO The average time of 10 trials is 46.12392761999509 seconds ...
13:15:48,23 root INFO 
13:15:48,26 root INFO Calculating the computing time of JAX-CanVeg at US-Hn1 on cpu...
13:15:48,142 root INFO Loading training forcings and fluxes...
13:15:48,385 root INFO Loading test forcings and fluxes if any...
13:20:21,223 root INFO The average time of 10 trials is 23.198681473103353 seconds ...
13:20:21,224 root INFO 
13:20:21,254 root INFO Calculating the computing time of JAX-CanVeg at US-Me2 on cpu...
13:20:21,383 root INFO Loading training forcings and fluxes...
13:20:21,800 root INFO Loading test forcings and fluxes if any...
13:33:37,461 root INFO The average time of 10 trials is 70.70245288169826 seconds ...
13:33:37,462 root INFO 
13:33:37,491 root INFO Calculating the computing time of JAX-CanVeg at US-Whs on cpu...
13:33:37,609 root INFO Loading training forcings and fluxes...
13:33:38,31 root INFO Loading test forcings and fluxes if any...
13:44:28,622 root INFO The average time of 10 trials is 57.397337087697814 seconds ...
13:44:28,622 root INFO 
